La génération a démarré 04/02/2015 22:14:32.
     1>Projet "C:\Users\Emerick\Documents\MathProjet\CyrusBeck\MathProjet\MathProjet.vcxproj" sur le nœud 2 (Build cible(s)).
     1>ClCompile:
         C:\Program Files (x86)\Microsoft Visual Studio 12.0\VC\bin\CL.exe /c /ZI /nologo /W3 /WX- /sdl /Od /Oy- /D _MBCS /Gm /EHsc /RTC1 /MDd /GS /fp:precise /Zc:wchar_t /Zc:forScope /Fo"Debug\\" /Fd"Debug\vc120.pdb" /Gd /TP /analyze- /errorReport:prompt Matrix.cpp
         Matrix.cpp
     1>c:\users\emerick\documents\mathprojet\cyrusbeck\mathprojet\matrix.cpp(74): warning C4018: '<' : incompatibilité signed/unsigned
     1>c:\users\emerick\documents\mathprojet\cyrusbeck\mathprojet\matrix.cpp(85): warning C4244: '+=' : conversion de 'double' en 'float', perte possible de données
     1>c:\users\emerick\documents\mathprojet\cyrusbeck\mathprojet\matrix.cpp(102): warning C4018: '<' : incompatibilité signed/unsigned
     1>c:\users\emerick\documents\mathprojet\cyrusbeck\mathprojet\matrix.cpp(118): warning C4244: 'argument' : conversion de 'double' en 'float', perte possible de données
     1>c:\users\emerick\documents\mathprojet\cyrusbeck\mathprojet\matrix.cpp(122): warning C4244: 'argument' : conversion de 'double' en 'float', perte possible de données
     1>c:\users\emerick\documents\mathprojet\cyrusbeck\mathprojet\matrix.cpp(175): warning C4244: 'initialisation' : conversion de 'unsigned int' en 'float', perte possible de données
     1>c:\users\emerick\documents\mathprojet\cyrusbeck\mathprojet\matrix.cpp(176): warning C4244: 'initialisation' : conversion de 'unsigned int' en 'float', perte possible de données
       Link:
         C:\Program Files (x86)\Microsoft Visual Studio 12.0\VC\bin\link.exe /ERRORREPORT:PROMPT /OUT:"C:\Users\Emerick\Documents\MathProjet\CyrusBeck\Debug\MathProjet.exe" /INCREMENTAL /NOLOGO kernel32.lib user32.lib gdi32.lib winspool.lib comdlg32.lib advapi32.lib shell32.lib ole32.lib oleaut32.lib uuid.lib odbc32.lib odbccp32.lib /MANIFEST /MANIFESTUAC:"level='asInvoker' uiAccess='false'" /manifest:embed /DEBUG /PDB:"C:\Users\Emerick\Documents\MathProjet\CyrusBeck\Debug\MathProjet.pdb" /TLBID:1 /DYNAMICBASE /NXCOMPAT /IMPLIB:"C:\Users\Emerick\Documents\MathProjet\CyrusBeck\Debug\MathProjet.lib" /MACHINE:X86 Debug\Color.obj
         Debug\Fenetrage.obj
         Debug\main.obj
         Debug\Matrix.obj
         Debug\Point.obj
         Debug\Polygon.obj
         MathProjet.vcxproj -> C:\Users\Emerick\Documents\MathProjet\CyrusBeck\Debug\MathProjet.exe
     1>Génération du projet "C:\Users\Emerick\Documents\MathProjet\CyrusBeck\MathProjet\MathProjet.vcxproj" terminée (Build cible(s)).

La génération a réussi.

Temps écoulé 00:00:00.87
